This is pdfTeX, Version 3.141592653-2.6-1.40.25 (TeX Live 2023/Debian) (preloaded format=pdflatex 2026.2.26)  8 JUN 2026 10:30
entering extended mode
 restricted \write18 enabled.
 file:line:error style messages enabled.
 %&-line parsing enabled.
**/home/mathealmeida/Documentos/mestrado/dissertacao/qualifying/main.tex
(/home/mathealmeida/Documentos/mestrado/dissertacao/qualifying/main.tex
LaTeX2e <2023-11-01> patch level 1
L3 programming layer <2024-01-22>
(/usr/share/texlive/texmf-dist/tex/latex/base/article.cls
Document Class: article 2023/05/17 v1.4n Standard LaTeX document class
(/usr/share/texlive/texmf-dist/tex/latex/base/size12.clo
File: size12.clo 2023/05/17 v1.4n Standard LaTeX file (size option)
)
\c@part=\count187
\c@section=\count188
\c@subsection=\count189
\c@subsubsection=\count190
\c@paragraph=\count191
\c@subparagraph=\count192
\c@figure=\count193
\c@table=\count194
\abovecaptionskip=\skip48
\belowcaptionskip=\skip49
\bibindent=\dimen140
) (./sbc-template.sty
Package: sbc-template 2001/06/09
 (/usr/share/texlive/texmf-dist/tex/latex/geometry/geometry.sty
Package: geometry 2020/01/02 v5.9 Page Geometry
 (/usr/share/texlive/texmf-dist/tex/latex/graphics/keyval.sty
Package: keyval 2022/05/29 v1.15 key=value parser (DPC)
\KV@toks@=\toks17
) (/usr/share/texlive/texmf-dist/tex/generic/iftex/ifvtex.sty
Package: ifvtex 2019/10/25 v1.7 ifvtex legacy package. Use iftex instead.
 (/usr/share/texlive/texmf-dist/tex/generic/iftex/iftex.sty
Package: iftex 2022/02/03 v1.0f TeX engine tests
))
\Gm@cnth=\count195
\Gm@cntv=\count196
\c@Gm@tempcnt=\count197
\Gm@bindingoffset=\dimen141
\Gm@wd@mp=\dimen142
\Gm@odd@mp=\dimen143
\Gm@even@mp=\dimen144
\Gm@layoutwidth=\dimen145
\Gm@layoutheight=\dimen146
\Gm@layouthoffset=\dimen147
\Gm@layoutvoffset=\dimen148
\Gm@dimlist=\toks18
) (/usr/share/texlive/texmf-dist/tex/latex/caption/caption.sty
Package: caption 2023/08/05 v3.6o Customizing captions (AR)
 (/usr/share/texlive/texmf-dist/tex/latex/caption/caption3.sty
Package: caption3 2023/07/31 v2.4d caption3 kernel (AR)
\caption@tempdima=\dimen149
\captionmargin=\dimen150
\caption@leftmargin=\dimen151
\caption@rightmargin=\dimen152
\caption@width=\dimen153
\caption@indent=\dimen154
\caption@parindent=\dimen155
\caption@hangindent=\dimen156
Package caption Info: Standard document class detected.
)
\c@caption@flags=\count198
\c@continuedfloat=\count199
) (/usr/share/texlive/texmf-dist/tex/latex/psnfss/times.sty
Package: times 2020/03/25 PSNFSS-v9.3 (SPQR) 
)
\c@instn=\count266
 (/usr/share/texlive/texmf-dist/tex/latex/titlesec/titlesec.sty
Package: titlesec 2023/10/27 v2.16 Sectioning titles
\ttl@box=\box51
\beforetitleunit=\skip50
\aftertitleunit=\skip51
\ttl@plus=\dimen157
\ttl@minus=\dimen158
\ttl@toksa=\toks19
\titlewidth=\dimen159
\titlewidthlast=\dimen160
\titlewidthfirst=\dimen161
) (/usr/share/texlive/texmf-dist/tex/latex/etoolbox/etoolbox.sty
Package: etoolbox 2020/10/05 v2.5k e-TeX tools for LaTeX (JAW)
\etb@tempcnta=\count267
)) (/usr/share/texlive/texmf-dist/tex/latex/graphics/graphicx.sty
Package: graphicx 2021/09/16 v1.2d Enhanced LaTeX Graphics (DPC,SPQR)
 (/usr/share/texlive/texmf-dist/tex/latex/graphics/graphics.sty
Package: graphics 2022/03/10 v1.4e Standard LaTeX Graphics (DPC,SPQR)
 (/usr/share/texlive/texmf-dist/tex/latex/graphics/trig.sty
Package: trig 2021/08/11 v1.11 sin cos tan (DPC)
) (/usr/share/texlive/texmf-dist/tex/latex/graphics-cfg/graphics.cfg
File: graphics.cfg 2016/06/04 v1.11 sample graphics configuration
)
Package graphics Info: Driver file: pdftex.def on input line 107.
 (/usr/share/texlive/texmf-dist/tex/latex/graphics-def/pdftex.def
File: pdftex.def 2022/09/22 v1.2b Graphics/color driver for pdftex
))
\Gin@req@height=\dimen162
\Gin@req@width=\dimen163
) (/usr/share/texlive/texmf-dist/tex/latex/url/url.sty
\Urlmuskip=\muskip16
Package: url 2013/09/16  ver 3.4  Verb mode for urls, etc.
) (/usr/share/texlive/texmf-dist/tex/generic/babel/babel.sty
Package: babel 2024/01/07 v24.1 The Babel package
\babel@savecnt=\count268
\U@D=\dimen164
\l@unhyphenated=\language89
 (/usr/share/texlive/texmf-dist/tex/generic/babel/txtbabel.def)
\bbl@readstream=\read2
\bbl@dirlevel=\count269
 (/usr/share/texlive/texmf-dist/tex/generic/babel-portuges/brazil.ldf
Language: portuges 2021/07/09 v1.2t Portuguese support from the babel system
Package babel Info: Hyphen rules for 'brazil' set to \l@portuguese
(babel)             (\language28). Reported on input line 111.
Package babel Info: Making " an active character on input line 143.
)) (/usr/share/texlive/texmf-dist/tex/latex/acro/acro.sty (/usr/share/texlive/texmf-dist/tex/latex/l3packages/l3keys2e/l3keys2e.sty (/usr/share/texlive/texmf-dist/tex/latex/l3kernel/expl3.sty
Package: expl3 2024-01-22 L3 programming layer (loader) 
 (/usr/share/texlive/texmf-dist/tex/latex/l3backend/l3backend-pdftex.def
File: l3backend-pdftex.def 2024-01-04 L3 backend support: PDF output (pdfTeX)
\l__color_backend_stack_int=\count270
\l__pdf_internal_box=\box52
))
Package: l3keys2e 2023-10-10 LaTeX2e option processing using LaTeX3 keys
)
Package: acro 2022/04/01 v3.8 typeset acronyms and other abbreviations (CN)
\l__acro_tmpa_int=\count271
\l__acro_tmpb_int=\count272
\l__acro_tmpc_int=\count273
\l__acro_tmpd_int=\count274
Loading module `base' ...
Loading module `interface' ...
Loading module `aux' ...
Loading module `properties' ...
Loading module `acronyms' ...
Loading module `formatting' ...
Loading module `ppfixes' ...
Loading module `tools' ...
\l__acro_minimal_usage_int=\count275
\l__acro_nest_int=\count276
\g_acro_barrier_int=\count277
\g_acro_barrier_total_int=\count278
Loading module `commands' ...
\l_acro_nest_level_int=\count279
Loading module `templates' ...
Loading module `list' ...
Loading module `pages' ...
\l__acro_pages_seq_threshold_int=\count280
Loading module `locale' ...
 (/usr/share/texlive/texmf-dist/tex/latex/translations/translations.sty
Package: translations 2022/02/05 v1.12 internationalization of LaTeX2e packages (CN)
 (/usr/share/texlive/texmf-dist/tex/generic/pdftexcmds/pdftexcmds.sty
Package: pdftexcmds 2020-06-27 v0.33 Utility functions of pdfTeX for LuaTeX (HO)
 (/usr/share/texlive/texmf-dist/tex/generic/infwarerr/infwarerr.sty
Package: infwarerr 2019/12/03 v1.5 Providing info/warning/error messages (HO)
) (/usr/share/texlive/texmf-dist/tex/generic/ltxcmds/ltxcmds.sty
Package: ltxcmds 2023-12-04 v1.26 LaTeX kernel commands for general use (HO)
)
Package pdftexcmds Info: \pdf@primitive is available.
Package pdftexcmds Info: \pdf@ifprimitive is available.
Package pdftexcmds Info: \pdfdraftmode found.
))
Loading module `pdfsupport' ...
Loading module `patch' ...
Loading module `definitions' ...
Loading module `upgrade' ...
) (/usr/share/texlive/texmf-dist/tex/latex/base/inputenc.sty
Package: inputenc 2021/02/14 v1.3d Input encoding file
\inpenc@prehook=\toks20
\inpenc@posthook=\toks21
) (/usr/share/texlive/texmf-dist/tex/latex/amsmath/amsmath.sty
Package: amsmath 2023/05/13 v2.17o AMS math features
\@mathmargin=\skip52

For additional information on amsmath, use the `?' option.
(/usr/share/texlive/texmf-dist/tex/latex/amsmath/amstext.sty
Package: amstext 2021/08/26 v2.01 AMS text
 (/usr/share/texlive/texmf-dist/tex/latex/amsmath/amsgen.sty
File: amsgen.sty 1999/11/30 v2.0 generic functions
\@emptytoks=\toks22
\ex@=\dimen165
)) (/usr/share/texlive/texmf-dist/tex/latex/amsmath/amsbsy.sty
Package: amsbsy 1999/11/29 v1.2d Bold Symbols
\pmbraise@=\dimen166
) (/usr/share/texlive/texmf-dist/tex/latex/amsmath/amsopn.sty
Package: amsopn 2022/04/08 v2.04 operator names
)
\inf@bad=\count281
LaTeX Info: Redefining \frac on input line 234.
\uproot@=\count282
\leftroot@=\count283
LaTeX Info: Redefining \overline on input line 399.
LaTeX Info: Redefining \colon on input line 410.
\classnum@=\count284
\DOTSCASE@=\count285
LaTeX Info: Redefining \ldots on input line 496.
LaTeX Info: Redefining \dots on input line 499.
LaTeX Info: Redefining \cdots on input line 620.
\Mathstrutbox@=\box53
\strutbox@=\box54
LaTeX Info: Redefining \big on input line 722.
LaTeX Info: Redefining \Big on input line 723.
LaTeX Info: Redefining \bigg on input line 724.
LaTeX Info: Redefining \Bigg on input line 725.
\big@size=\dimen167
LaTeX Font Info:    Redeclaring font encoding OML on input line 743.
LaTeX Font Info:    Redeclaring font encoding OMS on input line 744.
\macc@depth=\count286
LaTeX Info: Redefining \bmod on input line 905.
LaTeX Info: Redefining \pmod on input line 910.
LaTeX Info: Redefining \smash on input line 940.
LaTeX Info: Redefining \relbar on input line 970.
LaTeX Info: Redefining \Relbar on input line 971.
\c@MaxMatrixCols=\count287
\dotsspace@=\muskip17
\c@parentequation=\count288
\dspbrk@lvl=\count289
\tag@help=\toks23
\row@=\count290
\column@=\count291
\maxfields@=\count292
\andhelp@=\toks24
\eqnshift@=\dimen168
\alignsep@=\dimen169
\tagshift@=\dimen170
\tagwidth@=\dimen171
\totwidth@=\dimen172
\lineht@=\dimen173
\@envbody=\toks25
\multlinegap=\skip53
\multlinetaggap=\skip54
\mathdisplay@stack=\toks26
LaTeX Info: Redefining \[ on input line 2953.
LaTeX Info: Redefining \] on input line 2954.
) (/usr/share/texlive/texmf-dist/tex/latex/amsfonts/amssymb.sty
Package: amssymb 2013/01/14 v3.01 AMS font symbols
 (/usr/share/texlive/texmf-dist/tex/latex/amsfonts/amsfonts.sty
Package: amsfonts 2013/01/14 v3.01 Basic AMSFonts support
\symAMSa=\mathgroup4
\symAMSb=\mathgroup5
LaTeX Font Info:    Redeclaring math symbol \hbar on input line 98.
LaTeX Font Info:    Overwriting math alphabet `\mathfrak' in version `bold'
(Font)                  U/euf/m/n --> U/euf/b/n on input line 106.
)) (/usr/share/texlive/texmf-dist/tex/latex/float/float.sty
Package: float 2001/11/08 v1.3d Float enhancements (AL)
\c@float@type=\count293
\float@exts=\toks27
\float@box=\box55
\@float@everytoks=\toks28
\@floatcapt=\box56
) (/usr/share/texlive/texmf-dist/tex/latex/xcolor/xcolor.sty
Package: xcolor 2023/11/15 v3.01 LaTeX color extensions (UK)
 (/usr/share/texlive/texmf-dist/tex/latex/graphics-cfg/color.cfg
File: color.cfg 2016/01/02 v1.6 sample color configuration
)
Package xcolor Info: Driver file: pdftex.def on input line 274.
 (/usr/share/texlive/texmf-dist/tex/latex/graphics/mathcolor.ltx)
Package xcolor Info: Model `cmy' substituted by `cmy0' on input line 1350.
Package xcolor Info: Model `hsb' substituted by `rgb' on input line 1354.
Package xcolor Info: Model `RGB' extended on input line 1366.
Package xcolor Info: Model `HTML' substituted by `rgb' on input line 1368.
Package xcolor Info: Model `Hsb' substituted by `hsb' on input line 1369.
Package xcolor Info: Model `tHsb' substituted by `hsb' on input line 1370.
Package xcolor Info: Model `HSB' substituted by `hsb' on input line 1371.
Package xcolor Info: Model `Gray' substituted by `gray' on input line 1372.
Package xcolor Info: Model `wave' substituted by `hsb' on input line 1373.
) (/usr/share/texlive/texmf-dist/tex/latex/booktabs/booktabs.sty
Package: booktabs 2020/01/12 v1.61803398 Publication quality tables
\heavyrulewidth=\dimen174
\lightrulewidth=\dimen175
\cmidrulewidth=\dimen176
\belowrulesep=\dimen177
\belowbottomsep=\dimen178
\aboverulesep=\dimen179
\abovetopsep=\dimen180
\cmidrulesep=\dimen181
\cmidrulekern=\dimen182
\defaultaddspace=\dimen183
\@cmidla=\count294
\@cmidlb=\count295
\@aboverulesep=\dimen184
\@belowrulesep=\dimen185
\@thisruleclass=\count296
\@lastruleclass=\count297
\@thisrulewidth=\dimen186
) (/usr/share/texlive/texmf-dist/tex/latex/tools/tabularx.sty
Package: tabularx 2023/07/08 v2.11c `tabularx' package (DPC)
 (/usr/share/texlive/texmf-dist/tex/latex/tools/array.sty
Package: array 2023/10/16 v2.5g Tabular extension package (FMi)
\col@sep=\dimen187
\ar@mcellbox=\box57
\extrarowheight=\dimen188
\NC@list=\toks29
\extratabsurround=\skip55
\backup@length=\skip56
\ar@cellbox=\box58
)
\TX@col@width=\dimen189
\TX@old@table=\dimen190
\TX@old@col=\dimen191
\TX@target=\dimen192
\TX@delta=\dimen193
\TX@cols=\count298
\TX@ftn=\toks30
) (/usr/share/texlive/texmf-dist/tex/latex/svg/svg.sty
Package: svg 2020/11/26 v2.02k (include SVG pictures)
 (/usr/share/texlive/texmf-dist/tex/latex/koma-script/scrbase.sty
Package: scrbase 2023/07/07 v3.41 KOMA-Script package (KOMA-Script-independent basics and keyval usage)
 (/usr/share/texlive/texmf-dist/tex/latex/koma-script/scrlfile.sty
Package: scrlfile 2023/07/07 v3.41 KOMA-Script package (file load hooks)
 (/usr/share/texlive/texmf-dist/tex/latex/koma-script/scrlfile-hook.sty
Package: scrlfile-hook 2023/07/07 v3.41 KOMA-Script package (using LaTeX hooks)
 (/usr/share/texlive/texmf-dist/tex/latex/koma-script/scrlogo.sty
Package: scrlogo 2023/07/07 v3.41 KOMA-Script package (logo)
)))
Applying: [2021/05/01] Usage of raw or classic option list on input line 252.
Already applied: [0000/00/00] Usage of raw or classic option list on input line 368.
) (/usr/share/texlive/texmf-dist/tex/latex/trimspaces/trimspaces.sty
Package: trimspaces 2009/09/17 v1.1 Trim spaces around a token list
) (/usr/share/texlive/texmf-dist/tex/latex/tools/shellesc.sty
Package: shellesc 2023/07/08 v1.0d unified shell escape interface for LaTeX
Package shellesc Info: Restricted shell escape enabled on input line 77.
)
\c@svg@param@lastpage=\count299
\svg@box=\box59
\c@svg@param@currpage=\count300
) (/usr/share/texlive/texmf-dist/tex/latex/transparent/transparent.sty
Package: transparent 2022-10-27 v1.5 Transparency with color stacks
 (/usr/share/texlive/texmf-dist/tex/latex/transparent/transparent-nometadata.sty
Package: transparent-nometadata 2022-10-27 v1.5 Transparency via pdfTeX's color stack (HO)
 (/usr/share/texlive/texmf-dist/tex/latex/auxhook/auxhook.sty
Package: auxhook 2019-12-17 v1.6 Hooks for auxiliary files (HO)
))) (/usr/share/texlive/texmf-dist/tex/latex/pgf/systemlayer/pgfsys.sty (/usr/share/texlive/texmf-dist/tex/latex/pgf/utilities/pgfrcs.sty (/usr/share/texlive/texmf-dist/tex/generic/pgf/utilities/pgfutil-common.tex
\pgfutil@everybye=\toks31
\pgfutil@tempdima=\dimen194
\pgfutil@tempdimb=\dimen195
) (/usr/share/texlive/texmf-dist/tex/generic/pgf/utilities/pgfutil-latex.def
\pgfutil@abb=\box60
) (/usr/share/texlive/texmf-dist/tex/generic/pgf/utilities/pgfrcs.code.tex (/usr/share/texlive/texmf-dist/tex/generic/pgf/pgf.revision.tex)
Package: pgfrcs 2023-01-15 v3.1.10 (3.1.10)
)) (/usr/share/texlive/texmf-dist/tex/generic/pgf/systemlayer/pgfsys.code.tex
Package: pgfsys 2023-01-15 v3.1.10 (3.1.10)
 (/usr/share/texlive/texmf-dist/tex/generic/pgf/utilities/pgfkeys.code.tex
\pgfkeys@pathtoks=\toks32
\pgfkeys@temptoks=\toks33
 (/usr/share/texlive/texmf-dist/tex/generic/pgf/utilities/pgfkeyslibraryfiltered.code.tex
\pgfkeys@tmptoks=\toks34
))
\pgf@x=\dimen196
\pgf@y=\dimen197
\pgf@xa=\dimen198
\pgf@ya=\dimen199
\pgf@xb=\dimen256
\pgf@yb=\dimen257
\pgf@xc=\dimen258
\pgf@yc=\dimen259
\pgf@xd=\dimen260
\pgf@yd=\dimen261
\w@pgf@writea=\write3
\r@pgf@reada=\read3
\c@pgf@counta=\count301
\c@pgf@countb=\count302
\c@pgf@countc=\count303
\c@pgf@countd=\count304
\t@pgf@toka=\toks35
\t@pgf@tokb=\toks36
\t@pgf@tokc=\toks37
\pgf@sys@id@count=\count305
 (/usr/share/texlive/texmf-dist/tex/generic/pgf/systemlayer/pgf.cfg
File: pgf.cfg 2023-01-15 v3.1.10 (3.1.10)
)
Driver file for pgf: pgfsys-pdftex.def
 (/usr/share/texlive/texmf-dist/tex/generic/pgf/systemlayer/pgfsys-pdftex.def
File: pgfsys-pdftex.def 2023-01-15 v3.1.10 (3.1.10)
 (/usr/share/texlive/texmf-dist/tex/generic/pgf/systemlayer/pgfsys-common-pdf.def
File: pgfsys-common-pdf.def 2023-01-15 v3.1.10 (3.1.10)
))) (/usr/share/texlive/texmf-dist/tex/generic/pgf/systemlayer/pgfsyssoftpath.code.tex
File: pgfsyssoftpath.code.tex 2023-01-15 v3.1.10 (3.1.10)
\pgfsyssoftpath@smallbuffer@items=\count306
\pgfsyssoftpath@bigbuffer@items=\count307
) (/usr/share/texlive/texmf-dist/tex/generic/pgf/systemlayer/pgfsysprotocol.code.tex
File: pgfsysprotocol.code.tex 2023-01-15 v3.1.10 (3.1.10)
)) (/usr/share/texlive/texmf-dist/tex/latex/pdfpages/pdfpages.sty
Package: pdfpages 2024/01/21 v0.5y Insert pages of external PDF documents (AM)
 (/usr/share/texlive/texmf-dist/tex/latex/base/ifthen.sty
Package: ifthen 2022/04/13 v1.1d Standard LaTeX ifthen package (DPC)
) (/usr/share/texlive/texmf-dist/tex/latex/tools/calc.sty
Package: calc 2023/07/08 v4.3 Infix arithmetic (KKT,FJ)
\calc@Acount=\count308
\calc@Bcount=\count309
\calc@Adimen=\dimen262
\calc@Bdimen=\dimen263
\calc@Askip=\skip57
\calc@Bskip=\skip58
LaTeX Info: Redefining \setlength on input line 80.
LaTeX Info: Redefining \addtolength on input line 81.
\calc@Ccount=\count310
\calc@Cskip=\skip59
) (/usr/share/texlive/texmf-dist/tex/latex/eso-pic/eso-pic.sty
Package: eso-pic 2023/05/03 v3.0c eso-pic (RN)
\ESO@tempdima=\dimen264
\ESO@tempdimb=\dimen265
)
\AM@pagewidth=\dimen266
\AM@pageheight=\dimen267
\AM@fboxrule=\dimen268
 (/usr/share/texlive/texmf-dist/tex/latex/pdfpages/pppdftex.def
File: pppdftex.def 2024/01/21 v0.5y Pdfpages driver for pdfTeX (AM)
)
\pdfpages@includegraphics@status=\count311
\AM@pagebox=\box61
\AM@global@opts=\toks38
\AM@pagecnt=\count312
\AM@toc@title=\toks39
\AM@lof@heading=\toks40
\c@AM@survey=\count313
\AM@templatesizebox=\box62
)
\c@g@acro@ippuc@int=\count314
\c@g@acro@pois@int=\count315
\c@g@acro@idhm@int=\count316
\c@g@acro@ipea@int=\count317
\c@g@acro@ols@int=\count318
\c@g@acro@pca@int=\count319
\c@g@acro@ise@int=\count320
\c@g@acro@PT@int=\count321
\c@g@acro@PTh@int=\count322
\c@g@acro@SIG@int=\count323
LaTeX Font Info:    Trying to load font information for OT1+ptm on input line 94.
 (/usr/share/texlive/texmf-dist/tex/latex/psnfss/ot1ptm.fd
File: ot1ptm.fd 2001/06/04 font definitions for OT1/ptm.
) (./main.aux)
\openout1 = `main.aux'.

LaTeX Font Info:    Checking defaults for OML/cmm/m/it on input line 94.
LaTeX Font Info:    ... okay on input line 94.
LaTeX Font Info:    Checking defaults for OMS/cmsy/m/n on input line 94.
LaTeX Font Info:    ... okay on input line 94.
LaTeX Font Info:    Checking defaults for OT1/cmr/m/n on input line 94.
LaTeX Font Info:    ... okay on input line 94.
LaTeX Font Info:    Checking defaults for T1/cmr/m/n on input line 94.
LaTeX Font Info:    ... okay on input line 94.
LaTeX Font Info:    Checking defaults for TS1/cmr/m/n on input line 94.
LaTeX Font Info:    ... okay on input line 94.
LaTeX Font Info:    Checking defaults for OMX/cmex/m/n on input line 94.
LaTeX Font Info:    ... okay on input line 94.
LaTeX Font Info:    Checking defaults for U/cmr/m/n on input line 94.
LaTeX Font Info:    ... okay on input line 94.

*geometry* driver: auto-detecting
*geometry* detected driver: pdftex
*geometry* verbose mode - [ preamble ] result:
* driver: pdftex
* paper: a4paper
* layout: <same size as paper>
* layoutoffset:(h,v)=(0.0pt,0.0pt)
* modes: 
* h-part:(L,W,R)=(85.35826pt, 426.79135pt, 85.35826pt)
* v-part:(T,H,B)=(99.58464pt, 674.33032pt, 71.13188pt)
* \paperwidth=597.50787pt
* \paperheight=845.04684pt
* \textwidth=426.79135pt
* \textheight=674.33032pt
* \oddsidemargin=13.08827pt
* \evensidemargin=13.08827pt
* \topmargin=-9.68535pt
* \headheight=12.0pt
* \headsep=25.0pt
* \topskip=12.0pt
* \footskip=30.0pt
* \marginparwidth=44.0pt
* \marginparsep=10.0pt
* \columnsep=10.0pt
* \skip\footins=10.8pt plus 4.0pt minus 2.0pt
* \hoffset=0.0pt
* \voffset=0.0pt
* \mag=1000
* \@twocolumnfalse
* \@twosidefalse
* \@mparswitchfalse
* \@reversemarginfalse
* (1in=72.27pt=25.4mm, 1cm=28.453pt)

Package caption Info: Begin \AtBeginDocument code.
Package caption Info: float package is loaded.
Package caption Info: End \AtBeginDocument code.
(/usr/share/texlive/texmf-dist/tex/context/base/mkii/supp-pdf.mkii
[Loading MPS to PDF converter (version 2006.09.02).]
\scratchcounter=\count324
\scratchdimen=\dimen269
\scratchbox=\box63
\nofMPsegments=\count325
\nofMParguments=\count326
\everyMPshowfont=\toks41
\MPscratchCnt=\count327
\MPscratchDim=\dimen270
\MPnumerator=\count328
\makeMPintoPDFobject=\count329
\everyMPtoPDFconversion=\toks42
) (/usr/share/texlive/texmf-dist/tex/latex/epstopdf-pkg/epstopdf-base.sty
Package: epstopdf-base 2020-01-24 v2.11 Base part for package epstopdf
Package epstopdf-base Info: Redefining graphics rule for `.eps' on input line 485.
 (/usr/share/texlive/texmf-dist/tex/latex/latexconfig/epstopdf-sys.cfg
File: epstopdf-sys.cfg 2010/07/13 v1.3 Configuration of (r)epstopdf for TeX Live
)) (/usr/share/texlive/texmf-dist/tex/latex/translations/translations-basic-dictionary-brazil.trsl
File: translations-basic-dictionary-brazil.trsl (brazil translation file `translations-basic-dictionary')
)
Package translations Info: loading dictionary `translations-basic-dictionary' for `brazil'. on input line 94.
 (/usr/share/texlive/texmf-dist/tex/latex/pdflscape/pdflscape.sty
Package: pdflscape 2022-10-27 v0.13 Display of landscape pages in PDF
 (/usr/share/texlive/texmf-dist/tex/latex/pdflscape/pdflscape-nometadata.sty
Package: pdflscape-nometadata 2022-10-28 v0.13 Display of landscape pages in PDF (HO)
 (/usr/share/texlive/texmf-dist/tex/latex/graphics/lscape.sty
Package: lscape 2020/05/28 v3.02 Landscape Pages (DPC)
)
Package pdflscape Info: Auto-detected driver: pdftex on input line 81.
))
LaTeX Font Info:    Trying to load font information for U+msa on input line 96.
 (/usr/share/texlive/texmf-dist/tex/latex/amsfonts/umsa.fd
File: umsa.fd 2013/01/14 v3.01 AMS symbols A
)
LaTeX Font Info:    Trying to load font information for U+msb on input line 96.
 (/usr/share/texlive/texmf-dist/tex/latex/amsfonts/umsb.fd
File: umsb.fd 2013/01/14 v3.01 AMS symbols B
)
LaTeX Font Info:    Trying to load font information for OT1+pcr on input line 96.
 (/usr/share/texlive/texmf-dist/tex/latex/psnfss/ot1pcr.fd
File: ot1pcr.fd 2001/06/04 font definitions for OT1/pcr.
)
LaTeX Font Info:    Trying to load font information for OMS+pcr on input line 96.
 (/usr/share/texlive/texmf-dist/tex/latex/psnfss/omspcr.fd
File: omspcr.fd 
)
LaTeX Font Info:    Font shape `OMS/pcr/m/n' in size <10> not available
(Font)              Font shape `OMS/cmsy/m/n' tried instead on input line 96.
 (./sections/1.introduction.tex
Underfull \hbox (badness 1383) in paragraph at lines 5--6
[]\OT1/ptm/m/n/12 Em res-posta []a urg[]encia clim[]atica e em busca da cria[][]ao de pol[]^^Pticas de
 []

[1

{/var/lib/texmf/fonts/map/pdftex/updmap/pdftex.map}{/usr/share/texlive/texmf-dist/fonts/enc/dvips/base/8r.enc}]) (./sections/2.fundamentals.tex [2] [3]
Underfull \hbox (badness 1436) in paragraph at lines 38--41
[] []\OT1/ptm/b/n/12 PTh (Pro-xi-mity Time por uni-dade ter-ri-to-rial):[] \OT1/ptm/m/n/12 Tempo m[]edio ne-cess[]ario para
 []

[4] [5] [6]
Underfull \hbox (badness 4291) in paragraph at lines 123--131
\OT1/ptm/m/n/12 A aces-si-bi-li-dade ur-bana []e tra-di-ci-o-nal-mente ava-li-ada por m[]etricas que pri-vi-le-
 []


Underfull \hbox (badness 1248) in paragraph at lines 139--147
[]\OT1/ptm/m/n/12 Nessa mesma dire[][]ao, es-tu-dos come[]aram a in-ves-ti-gar como perturba[][]oes
 []

[7]
LaTeX Font Info:    Trying to load font information for OT1+phv on input line 164.
 (/usr/share/texlive/texmf-dist/tex/latex/psnfss/ot1phv.fd
File: ot1phv.fd 2020/03/25 scalable font definitions for OT1/phv.
)
Overfull \hbox (2.75417pt too wide) in paragraph at lines 182--182
 []|\OT1/ptm/m/n/10 [[]]| 
 []

) (./sections/3.methodology.tex [8]

pdfTeX warning: pdflatex (file ./figs/framework.pdf): PDF inclusion: found PDF version <1.7>, but at most version <1.5> allowed
<figs/framework.pdf, id=46, 960.97018pt x 481.05724pt>
File: figs/framework.pdf Graphic file (type pdf)
<use figs/framework.pdf>
Package pdftex.def Info: figs/framework.pdf  used on input line 37.
(pdftex.def)             Requested size: 426.79135pt x 213.65506pt.
[9 <./figs/framework.pdf>]
Underfull \hbox (badness 1881) in paragraph at lines 57--58
[] []\OT1/ptm/b/n/12 5. Da-dos De-mogr[]aficos e So-ci-o-e-con[]omicos:[] \OT1/ptm/m/n/12 Informa[][]oes que ca-rac-te-ri-zam a
 []

LaTeX Font Info:    Trying to load font information for TS1+ptm on input line 69.
(/usr/share/texlive/texmf-dist/tex/latex/psnfss/ts1ptm.fd
File: ts1ptm.fd 2001/06/04 font definitions for TS1/ptm.
) [10] [11] [12]) (./sections/4.planning.tex
Underfull \hbox (badness 1043) in paragraph at lines 13--14
[]\OT1/ptm/b/n/12 Julho\OT1/ptm/m/n/12 : De-sen-vol-vi-mento dos scripts para aplica[][]ao das fun[][]oes de
 []

[13]
Underfull \hbox (badness 3872) in paragraph at lines 25--26
[]\OT1/ptm/b/n/12 Setembro\OT1/ptm/m/n/12 : Aplica[][]ao das an[]alises de de-si-gual-dade, re-gress[]ao e
 []

) (./sections/5.results.tex [14]) (./main.bbl [15]) [16] (./sections/apendices.tex
<files/fatores_socioeconomicos.pdf, id=151, 597.50829pt x 845.0471pt>
File: files/fatores_socioeconomicos.pdf Graphic file (type pdf)
<use files/fatores_socioeconomicos.pdf>
Package pdftex.def Info: files/fatores_socioeconomicos.pdf  used on input line 8.
(pdftex.def)             Requested size: 597.50682pt x 845.04504pt.
File: files/fatores_socioeconomicos.pdf Graphic file (type pdf)
<use files/fatores_socioeconomicos.pdf>
Package pdftex.def Info: files/fatores_socioeconomicos.pdf  used on input line 8.
(pdftex.def)             Requested size: 597.50682pt x 845.04504pt.
<files/fatores_socioeconomicos.pdf, id=154, page=1, 597.50829pt x 845.0471pt>
File: files/fatores_socioeconomicos.pdf Graphic file (type pdf)
<use files/fatores_socioeconomicos.pdf, page 1>
Package pdftex.def Info: files/fatores_socioeconomicos.pdf , page1 used on input line 8.
(pdftex.def)             Requested size: 597.50682pt x 845.04504pt.
File: files/fatores_socioeconomicos.pdf Graphic file (type pdf)
<use files/fatores_socioeconomicos.pdf, page 1>
Package pdftex.def Info: files/fatores_socioeconomicos.pdf , page1 used on input line 8.
(pdftex.def)             Requested size: 478.00728pt x 676.0386pt.
File: files/fatores_socioeconomicos.pdf Graphic file (type pdf)
<use files/fatores_socioeconomicos.pdf, page 1>
Package pdftex.def Info: files/fatores_socioeconomicos.pdf , page1 used on input line 8.
(pdftex.def)             Requested size: 478.00728pt x 676.0386pt.
File: files/fatores_socioeconomicos.pdf Graphic file (type pdf)
<use files/fatores_socioeconomicos.pdf, page 1>
Package pdftex.def Info: files/fatores_socioeconomicos.pdf , page1 used on input line 8.
(pdftex.def)             Requested size: 478.00728pt x 676.0386pt.
File: files/fatores_socioeconomicos.pdf Graphic file (type pdf)
<use files/fatores_socioeconomicos.pdf, page 1>
Package pdftex.def Info: files/fatores_socioeconomicos.pdf , page1 used on input line 8.
(pdftex.def)             Requested size: 478.00728pt x 676.0386pt.
 [17

 <./files/fatores_socioeconomicos.pdf>]
File: files/fatores_socioeconomicos.pdf Graphic file (type pdf)
<use files/fatores_socioeconomicos.pdf>
Package pdftex.def Info: files/fatores_socioeconomicos.pdf  used on input line 10.
(pdftex.def)             Requested size: 597.50682pt x 845.04504pt.
File: files/fatores_socioeconomicos.pdf Graphic file (type pdf)
<use files/fatores_socioeconomicos.pdf>
Package pdftex.def Info: files/fatores_socioeconomicos.pdf  used on input line 10.
(pdftex.def)             Requested size: 597.50682pt x 845.04504pt.
<files/fatores_socioeconomicos.pdf, id=229, page=2, 597.50829pt x 845.0471pt>
File: files/fatores_socioeconomicos.pdf Graphic file (type pdf)
<use files/fatores_socioeconomicos.pdf, page 2>
Package pdftex.def Info: files/fatores_socioeconomicos.pdf , page2 used on input line 10.
(pdftex.def)             Requested size: 597.50682pt x 845.04504pt.
File: files/fatores_socioeconomicos.pdf Graphic file (type pdf)
<use files/fatores_socioeconomicos.pdf, page 2>
Package pdftex.def Info: files/fatores_socioeconomicos.pdf , page2 used on input line 10.
(pdftex.def)             Requested size: 537.75249pt x 760.53537pt.
File: files/fatores_socioeconomicos.pdf Graphic file (type pdf)
<use files/fatores_socioeconomicos.pdf, page 2>
Package pdftex.def Info: files/fatores_socioeconomicos.pdf , page2 used on input line 10.
(pdftex.def)             Requested size: 537.75249pt x 760.53537pt.
File: files/fatores_socioeconomicos.pdf Graphic file (type pdf)
<use files/fatores_socioeconomicos.pdf, page 2>
Package pdftex.def Info: files/fatores_socioeconomicos.pdf , page2 used on input line 10.
(pdftex.def)             Requested size: 537.75249pt x 760.53537pt.
File: files/fatores_socioeconomicos.pdf Graphic file (type pdf)
<use files/fatores_socioeconomicos.pdf, page 2>
Package pdftex.def Info: files/fatores_socioeconomicos.pdf , page2 used on input line 10.
(pdftex.def)             Requested size: 537.75249pt x 760.53537pt.
 [18

 <./files/fatores_socioeconomicos.pdf>]
<files/fatores_socioeconomicos.pdf, id=234, page=3, 597.50829pt x 845.0471pt>
File: files/fatores_socioeconomicos.pdf Graphic file (type pdf)
<use files/fatores_socioeconomicos.pdf, page 3>
Package pdftex.def Info: files/fatores_socioeconomicos.pdf , page3 used on input line 10.
(pdftex.def)             Requested size: 537.75249pt x 760.53537pt.
File: files/fatores_socioeconomicos.pdf Graphic file (type pdf)
<use files/fatores_socioeconomicos.pdf, page 3>
Package pdftex.def Info: files/fatores_socioeconomicos.pdf , page3 used on input line 10.
(pdftex.def)             Requested size: 537.75249pt x 760.53537pt.
File: files/fatores_socioeconomicos.pdf Graphic file (type pdf)
<use files/fatores_socioeconomicos.pdf, page 3>
Package pdftex.def Info: files/fatores_socioeconomicos.pdf , page3 used on input line 10.
(pdftex.def)             Requested size: 537.75249pt x 760.53537pt.
 [19

 <./files/fatores_socioeconomicos.pdf>]
<files/fatores_socioeconomicos.pdf, id=251, page=4, 597.50829pt x 845.0471pt>
File: files/fatores_socioeconomicos.pdf Graphic file (type pdf)
<use files/fatores_socioeconomicos.pdf, page 4>
Package pdftex.def Info: files/fatores_socioeconomicos.pdf , page4 used on input line 10.
(pdftex.def)             Requested size: 537.75249pt x 760.53537pt.
File: files/fatores_socioeconomicos.pdf Graphic file (type pdf)
<use files/fatores_socioeconomicos.pdf, page 4>
Package pdftex.def Info: files/fatores_socioeconomicos.pdf , page4 used on input line 10.
(pdftex.def)             Requested size: 537.75249pt x 760.53537pt.
File: files/fatores_socioeconomicos.pdf Graphic file (type pdf)
<use files/fatores_socioeconomicos.pdf, page 4>
Package pdftex.def Info: files/fatores_socioeconomicos.pdf , page4 used on input line 10.
(pdftex.def)             Requested size: 537.75249pt x 760.53537pt.
 [20

 <./files/fatores_socioeconomicos.pdf>]
<files/fatores_socioeconomicos.pdf, id=268, page=5, 597.50829pt x 845.0471pt>
File: files/fatores_socioeconomicos.pdf Graphic file (type pdf)
<use files/fatores_socioeconomicos.pdf, page 5>
Package pdftex.def Info: files/fatores_socioeconomicos.pdf , page5 used on input line 10.
(pdftex.def)             Requested size: 537.75249pt x 760.53537pt.
File: files/fatores_socioeconomicos.pdf Graphic file (type pdf)
<use files/fatores_socioeconomicos.pdf, page 5>
Package pdftex.def Info: files/fatores_socioeconomicos.pdf , page5 used on input line 10.
(pdftex.def)             Requested size: 537.75249pt x 760.53537pt.
File: files/fatores_socioeconomicos.pdf Graphic file (type pdf)
<use files/fatores_socioeconomicos.pdf, page 5>
Package pdftex.def Info: files/fatores_socioeconomicos.pdf , page5 used on input line 10.
(pdftex.def)             Requested size: 537.75249pt x 760.53537pt.
 [21

 <./files/fatores_socioeconomicos.pdf>]
<files/fatores_socioeconomicos.pdf, id=289, page=6, 597.50829pt x 845.0471pt>
File: files/fatores_socioeconomicos.pdf Graphic file (type pdf)
<use files/fatores_socioeconomicos.pdf, page 6>
Package pdftex.def Info: files/fatores_socioeconomicos.pdf , page6 used on input line 10.
(pdftex.def)             Requested size: 537.75249pt x 760.53537pt.
File: files/fatores_socioeconomicos.pdf Graphic file (type pdf)
<use files/fatores_socioeconomicos.pdf, page 6>
Package pdftex.def Info: files/fatores_socioeconomicos.pdf , page6 used on input line 10.
(pdftex.def)             Requested size: 537.75249pt x 760.53537pt.
File: files/fatores_socioeconomicos.pdf Graphic file (type pdf)
<use files/fatores_socioeconomicos.pdf, page 6>
Package pdftex.def Info: files/fatores_socioeconomicos.pdf , page6 used on input line 10.
(pdftex.def)             Requested size: 537.75249pt x 760.53537pt.
 [22

 <./files/fatores_socioeconomicos.pdf>]
<files/fatores_socioeconomicos.pdf, id=298, page=7, 597.50829pt x 845.0471pt>
File: files/fatores_socioeconomicos.pdf Graphic file (type pdf)
<use files/fatores_socioeconomicos.pdf, page 7>
Package pdftex.def Info: files/fatores_socioeconomicos.pdf , page7 used on input line 10.
(pdftex.def)             Requested size: 537.75249pt x 760.53537pt.
File: files/fatores_socioeconomicos.pdf Graphic file (type pdf)
<use files/fatores_socioeconomicos.pdf, page 7>
Package pdftex.def Info: files/fatores_socioeconomicos.pdf , page7 used on input line 10.
(pdftex.def)             Requested size: 537.75249pt x 760.53537pt.
File: files/fatores_socioeconomicos.pdf Graphic file (type pdf)
<use files/fatores_socioeconomicos.pdf, page 7>
Package pdftex.def Info: files/fatores_socioeconomicos.pdf , page7 used on input line 10.
(pdftex.def)             Requested size: 537.75249pt x 760.53537pt.
 [23

 <./files/fatores_socioeconomicos.pdf>]
<files/fatores_socioeconomicos.pdf, id=310, page=8, 597.50829pt x 845.0471pt>
File: files/fatores_socioeconomicos.pdf Graphic file (type pdf)
<use files/fatores_socioeconomicos.pdf, page 8>
Package pdftex.def Info: files/fatores_socioeconomicos.pdf , page8 used on input line 10.
(pdftex.def)             Requested size: 537.75249pt x 760.53537pt.
File: files/fatores_socioeconomicos.pdf Graphic file (type pdf)
<use files/fatores_socioeconomicos.pdf, page 8>
Package pdftex.def Info: files/fatores_socioeconomicos.pdf , page8 used on input line 10.
(pdftex.def)             Requested size: 537.75249pt x 760.53537pt.
File: files/fatores_socioeconomicos.pdf Graphic file (type pdf)
<use files/fatores_socioeconomicos.pdf, page 8>
Package pdftex.def Info: files/fatores_socioeconomicos.pdf , page8 used on input line 10.
(pdftex.def)             Requested size: 537.75249pt x 760.53537pt.
 [24

 <./files/fatores_socioeconomicos.pdf>]
<files/fatores_socioeconomicos.pdf, id=319, page=9, 597.50829pt x 845.0471pt>
File: files/fatores_socioeconomicos.pdf Graphic file (type pdf)
<use files/fatores_socioeconomicos.pdf, page 9>
Package pdftex.def Info: files/fatores_socioeconomicos.pdf , page9 used on input line 10.
(pdftex.def)             Requested size: 537.75249pt x 760.53537pt.
File: files/fatores_socioeconomicos.pdf Graphic file (type pdf)
<use files/fatores_socioeconomicos.pdf, page 9>
Package pdftex.def Info: files/fatores_socioeconomicos.pdf , page9 used on input line 10.
(pdftex.def)             Requested size: 537.75249pt x 760.53537pt.
File: files/fatores_socioeconomicos.pdf Graphic file (type pdf)
<use files/fatores_socioeconomicos.pdf, page 9>
Package pdftex.def Info: files/fatores_socioeconomicos.pdf , page9 used on input line 10.
(pdftex.def)             Requested size: 537.75249pt x 760.53537pt.
 [25

 <./files/fatores_socioeconomicos.pdf>]
<files/fatores_socioeconomicos.pdf, id=325, page=10, 597.50829pt x 845.0471pt>
File: files/fatores_socioeconomicos.pdf Graphic file (type pdf)
<use files/fatores_socioeconomicos.pdf, page 10>
Package pdftex.def Info: files/fatores_socioeconomicos.pdf , page10 used on input line 10.
(pdftex.def)             Requested size: 537.75249pt x 760.53537pt.
File: files/fatores_socioeconomicos.pdf Graphic file (type pdf)
<use files/fatores_socioeconomicos.pdf, page 10>
Package pdftex.def Info: files/fatores_socioeconomicos.pdf , page10 used on input line 10.
(pdftex.def)             Requested size: 537.75249pt x 760.53537pt.
File: files/fatores_socioeconomicos.pdf Graphic file (type pdf)
<use files/fatores_socioeconomicos.pdf, page 10>
Package pdftex.def Info: files/fatores_socioeconomicos.pdf , page10 used on input line 10.
(pdftex.def)             Requested size: 537.75249pt x 760.53537pt.
 [26

 <./files/fatores_socioeconomicos.pdf>]) (./main.aux)
 ***********
LaTeX2e <2023-11-01> patch level 1
L3 programming layer <2024-01-22>
 ***********
 ) 
Here is how much of TeX's memory you used:
 15185 strings out of 474222
 328077 string characters out of 5748733
 1949975 words of memory out of 5000000
 37161 multiletter control sequences out of 15000+600000
 590271 words of font info for 104 fonts, out of 8000000 for 9000
 1141 hyphenation exceptions out of 8191
 94i,18n,93p,1507b,461s stack positions out of 10000i,1000n,20000p,200000b,200000s
</usr/share/texlive/texmf-dist/fonts/type1/public/amsfonts/cm/cmex10.pfb></usr/share/texlive/texmf-dist/fonts/type1/public/amsfonts/cm/cmmi12.pfb></usr/share/texlive/texmf-dist/fonts/type1/public/amsfonts/cm/cmmi6.pfb></usr/share/texlive/texmf-dist/fonts/type1/public/amsfonts/cm/cmmi8.pfb></usr/share/texlive/texmf-dist/fonts/type1/public/amsfonts/cm/cmr12.pfb></usr/share/texlive/texmf-dist/fonts/type1/public/amsfonts/cm/cmr8.pfb></usr/share/texlive/texmf-dist/fonts/type1/public/amsfonts/cm/cmsy10.pfb></usr/share/texlive/texmf-dist/fonts/type1/public/amsfonts/cm/cmsy8.pfb></usr/share/texlive/texmf-dist/fonts/type1/public/amsfonts/symbols/msbm10.pfb></usr/share/texlive/texmf-dist/fonts/type1/urw/courier/ucrr8a.pfb></usr/share/texlive/texmf-dist/fonts/type1/urw/helvetic/uhvb8a.pfb></usr/share/texlive/texmf-dist/fonts/type1/urw/times/utmb8a.pfb></usr/share/texlive/texmf-dist/fonts/type1/urw/times/utmbi8a.pfb></usr/share/texlive/texmf-dist/fonts/type1/urw/times/utmr8a.pfb></usr/share/texlive/texmf-dist/fonts/type1/urw/times/utmri8a.pfb>
Output written on main.pdf (26 pages, 4538280 bytes).
PDF statistics:
 392 PDF objects out of 1000 (max. 8388607)
 235 compressed objects within 3 object streams
 0 named destinations out of 1000 (max. 500000)
 93 words of extra memory for PDF output out of 10000 (max. 10000000)

